[2025-06-25 10:35:59] INFO: This shows in terminal AND in output.log
Downloaded https://www.cem-macau.com/uploads/pdf_education_2010_06_Meter_Reading_zh_5717bbdc16.pdf to ./data/pdfs/pdf_education_2010_06_Meter_Reading_zh_5717bbdc16.pdf and saved to ./data/pdfs/pdf_education_2010_06_Meter_Reading_zh_5717bbdc16.pdf
Error loading https://www.cem-macau.com/uploads/Annual_Report_2022_Part12_362deddb9d.pdf: , skipping...
Error loading https://www.cem-macau.com/uploads/annualreport_2021_3cemhighlights_a0fcb1da92.pdf: , skipping...
Error loading https://www.cem-macau.com/uploads/Annual_Report_2022_Part14_984e340548.pdf: , skipping...
Error loading https://www.cem-macau.com/uploads/CEM_Annual_Report_2023_d7db713624.pdf: , skipping...
Error loading https://www.cem-macau.com/uploads/pdf_annualreport_2017_13sustainabledevelopment_4dcab0d5a4.pdf: , skipping...
Error loading https://www.cem-macau.com/uploads/2_8642aeeea5.pdf: , skipping...
Error loading https://www.cem-macau.com/uploads/annual_report_2024_5204beb8d0.pdf: , skipping...
Error loading https://www.cem-macau.com/uploads/annualreport_2021_5messagefromec_88b9620157.pdf: , skipping...
Error loading https://www.cem-macau.com/uploads/Annual_Report_2022_Part4_223f559d3f.pdf: , skipping...
Error loading https://www.cem-macau.com/uploads/10_0534246e45.pdf: , skipping...
Downloaded https://www.cem-macau.com/uploads/annualreport_2016_4cemhighlights_fd40b2a2a9.pdf to ./data/pdfs/annualreport_2016_4cemhighlights_fd40b2a2a9.pdf and saved to ./data/pdfs/annualreport_2016_4cemhighlights_fd40b2a2a9.pdf
Error loading https://www.cem-macau.com/uploads/annualreport_2021_df45adef38.pdf: , skipping...
Error loading https://www.cem-macau.com/uploads/4_5878f9b4ab.pdf: , skipping...
Error loading https://www.cem-macau.com/uploads/7_e8e675e6bf.pdf: , skipping...
Error loading https://www.cem-macau.com/uploads/annualreport_2021_12pioneeringforfiftyyears_02a8b58643.pdf: , skipping...
Error loading https://www.cem-macau.com/uploads/pdf_annualreport_2017_11prefectingforward_b6ad76c274.pdf: , skipping...
Downloaded https://www.cem-macau.com/uploads/annual_report_2024_Corporate_Governance_b3ea0eb94c.pdf to ./data/pdfs/annual_report_2024_Corporate_Governance_b3ea0eb94c.pdf and saved to ./data/pdfs/annual_report_2024_Corporate_Governance_b3ea0eb94c.pdf
Error loading https://www.cem-macau.com/uploads/annualreport_2019_13financialhighlights_4116c65059.pdf: Response payload is not completed: <ContentLengthError: 400, message='Not enough data to satisfy content length header.'>, skipping...
Error loading https://www.cem-macau.com/uploads/pdf_annualreport_2017_10citywidedisasterrelief_9965db032a.pdf: , skipping...
Error loading https://www.cem-macau.com/uploads/_1ac464508e.pdf: , skipping...
Error loading https://www.cem-macau.com/uploads/pdf_annualreport_2017_2contents_d015b4f7d9.pdf: , skipping...
Downloaded https://www.cem-macau.com/uploads/pdf_education_Tariff_B_zh_2574dad7f3.pdf to ./data/pdfs/pdf_education_Tariff_B_zh_2574dad7f3.pdf and saved to ./data/pdfs/pdf_education_Tariff_B_zh_2574dad7f3.pdf
Downloaded https://www.cem-macau.com/uploads/annualreport_2020_2contents_a76b4cac05.pdf to ./data/pdfs/annualreport_2020_2contents_a76b4cac05.pdf and saved to ./data/pdfs/annualreport_2020_2contents_a76b4cac05.pdf
Error loading https://www.cem-macau.com/uploads/9_84b79216bb.pdf: , skipping...
Downloaded https://www.cem-macau.com/uploads/annual_report_2024_Message_from_the_Chairman_of_the_Board_of_Directors_6873fc13fa.pdf to ./data/pdfs/annual_report_2024_Message_from_the_Chairman_of_the_Board_of_Directors_6873fc13fa.pdf and saved to ./data/pdfs/annual_report_2024_Message_from_the_Chairman_of_the_Board_of_Directors_6873fc13fa.pdf
Downloaded https://www.cem-macau.com/uploads/annualreport_2016_6_CECM_ade5d25829.pdf to ./data/pdfs/annualreport_2016_6_CECM_ade5d25829.pdf and saved to ./data/pdfs/annualreport_2016_6_CECM_ade5d25829.pdf
Downloaded https://www.cem-macau.com/uploads/annualreport_2019_8buildingasmartcity_b2f6c4beda.pdf to ./data/pdfs/annualreport_2019_8buildingasmartcity_b2f6c4beda.pdf and saved to ./data/pdfs/annualreport_2019_8buildingasmartcity_b2f6c4beda.pdf
Downloaded https://www.cem-macau.com/uploads/pdf_education_Tariff_A_zh_881af653dd.pdf to ./data/pdfs/pdf_education_Tariff_A_zh_881af653dd.pdf and saved to ./data/pdfs/pdf_education_Tariff_A_zh_881af653dd.pdf
Error loading https://www.cem-macau.com/uploads/pdf_sustainability_report_2020_zh_a74e3e4b08.pdf: , skipping...
Downloaded https://www.cem-macau.com/uploads/annual_report_2024_Diverse_Community_Activities_31f5082b79.pdf to ./data/pdfs/annual_report_2024_Diverse_Community_Activities_31f5082b79.pdf and saved to ./data/pdfs/annual_report_2024_Diverse_Community_Activities_31f5082b79.pdf
Error loading https://www.cem-macau.com/uploads/annualreport_2021_13corporategovernance_2bf12ea62a.pdf: , skipping...
Error loading https://www.cem-macau.com/uploads/Annual_Report_2022_Part10_6ae1f683ab.pdf: , skipping...
Error loading https://www.cem-macau.com/uploads/annualreport_2016_12financialhighlights_d917d55633.pdf: , skipping...
Error loading https://www.cem-macau.com/uploads/pdf_annualreport_2017_c349480005.pdf: , skipping...
Error loading https://www.cem-macau.com/uploads/annualreport_2016_1cover_ff8cbfbe01.pdf: , skipping...
Error loading https://www.cem-macau.com/uploads/annualreport_2016_10buildbetterfuture_40c5686e6f.pdf: , skipping...
Error loading https://www.cem-macau.com/uploads/annualreport_2016_b58c738044.pdf: , skipping...
Error loading https://www.cem-macau.com/uploads/annualreport_2019_11focusingon_L_Tplanning_b5fda99811.pdf: , skipping...
Error loading https://www.cem-macau.com/uploads/annualreport_2021_8poweringup_99312440b1.pdf: , skipping...
Error loading https://www.cem-macau.com/uploads/annualreport_2016_7servicemacau_8f9038ceb2.pdf: , skipping...
Error loading https://www.cem-macau.com/uploads/pdf_annualreport_2017_4refreshingthebrandofcem_2bf49f2ad0.pdf: , skipping...
Downloaded https://www.cem-macau.com/uploads/pdf_annualreport_2017_1cover_b35d799662.pdf to ./data/pdfs/pdf_annualreport_2017_1cover_b35d799662.pdf and saved to ./data/pdfs/pdf_annualreport_2017_1cover_b35d799662.pdf
Downloaded https://www.cem-macau.com/uploads/1_2023_4d21a66ff9.pdf to ./data/pdfs/1_2023_4d21a66ff9.pdf and saved to ./data/pdfs/1_2023_4d21a66ff9.pdf
Downloaded https://www.cem-macau.com/uploads/annualreport_2016_3contents_4e45f819f1.pdf to ./data/pdfs/annualreport_2016_3contents_4e45f819f1.pdf and saved to ./data/pdfs/annualreport_2016_3contents_4e45f819f1.pdf
Error loading https://www.cem-macau.com/uploads/annualreport_2020_1cover_fee7b20227.pdf: , skipping...
Error loading https://www.cem-macau.com/uploads/annualreport_2021_10buildahpteam_f3301da69e.pdf: , skipping...
Error loading https://www.cem-macau.com/uploads/annual_report_2024_Powering_City_Development_11f2c01752.pdf: , skipping...
Downloaded https://www.cem-macau.com/uploads/annual_report_2024_CEM_Highlights_2024_44d064de80.pdf to ./data/pdfs/annual_report_2024_CEM_Highlights_2024_44d064de80.pdf and saved to ./data/pdfs/annual_report_2024_CEM_Highlights_2024_44d064de80.pdf
Error loading https://www.cem-macau.com/uploads/pdf_annualreport_2017_14unitingheartsandmind_3dae1dcb99.pdf: , skipping...
Error loading https://www.cem-macau.com/uploads/annualreport_2021_6fightpandemictogether_e7b7cc4fe0.pdf: , skipping...
Error loading https://www.cem-macau.com/uploads/Annual_Report_2022_Part7_c32fc7f8ac.pdf: , skipping...
Error loading https://www.cem-macau.com/uploads/annualreport_2021_14financialhighlights_9c4aaa98e9.pdf: Response payload is not completed: <ContentLengthError: 400, message='Not enough data to satisfy content length header.'>, skipping...
Error loading https://www.cem-macau.com/uploads/annualreport_2019_4messagefrombod_5984c5150b.pdf: , skipping...
Error loading https://www.cem-macau.com/uploads/annualreport_2019_dfbe00da38.pdf: , skipping...
Error loading https://www.cem-macau.com/uploads/annualreport_2019_9empoweringourteam_db17d7b5c3.pdf: , skipping...
Error loading https://www.cem-macau.com/uploads/annualreport_2020_13financialhighlights_2a8a475f1c.pdf: , skipping...
Error loading https://www.cem-macau.com/uploads/5_0f864e35d1.pdf: , skipping...
Downloaded https://www.cem-macau.com/uploads/Purpose_of_Electrical_Installation_Electrical_Technician_Declaration_C_8c79fc1c3e.pdf to ./data/pdfs/Purpose_of_Electrical_Installation_Electrical_Technician_Declaration_C_8c79fc1c3e.pdf and saved to ./data/pdfs/Purpose_of_Electrical_Installation_Electrical_Technician_Declaration_C_8c79fc1c3e.pdf
Downloaded https://www.cem-macau.com/uploads/pdf_education_Metering_equipment_zh_69c3ba52e5.pdf to ./data/pdfs/pdf_education_Metering_equipment_zh_69c3ba52e5.pdf and saved to ./data/pdfs/pdf_education_Metering_equipment_zh_69c3ba52e5.pdf
Downloaded https://www.cem-macau.com/uploads/pdf_education_2010_09_Simple_steps_for_your_better_protection_zh_98f2dbfbd8.pdf to ./data/pdfs/pdf_education_2010_09_Simple_steps_for_your_better_protection_zh_98f2dbfbd8.pdf and saved to ./data/pdfs/pdf_education_2010_09_Simple_steps_for_your_better_protection_zh_98f2dbfbd8.pdf
Error loading https://www.cem-macau.com/uploads/Annual_Report_2022_Part5_74213cfaa5.pdf: , skipping...
Error loading https://www.cem-macau.com/uploads/8_ebbfb1d591.pdf: , skipping...
Error loading https://www.cem-macau.com/uploads/annualreport_2020_12corporategovernance_fd8df2d4da.pdf: , skipping...
Error loading https://www.cem-macau.com/uploads/annualreport_2020_9enhanceteamperformance_f36f096058.pdf: , skipping...
Downloaded https://www.cem-macau.com/uploads/pdf_annualreport_2017_3brilliancemilestones_289f786a5b.pdf to ./data/pdfs/pdf_annualreport_2017_3brilliancemilestones_289f786a5b.pdf and saved to ./data/pdfs/pdf_annualreport_2017_3brilliancemilestones_289f786a5b.pdf
Downloaded https://www.cem-macau.com/uploads/Subscribe_Demand_C_ol_23ccc70e14.pdf to ./data/pdfs/Subscribe_Demand_C_ol_23ccc70e14.pdf and saved to ./data/pdfs/Subscribe_Demand_C_ol_23ccc70e14.pdf
Downloaded https://www.cem-macau.com/uploads/pdf_education_2022_01_Senior_Citizen_zh_3ff3f287a7.pdf to ./data/pdfs/pdf_education_2022_01_Senior_Citizen_zh_3ff3f287a7.pdf and saved to ./data/pdfs/pdf_education_2022_01_Senior_Citizen_zh_3ff3f287a7.pdf
Error loading https://www.cem-macau.com/uploads/annualreport_2021_11givingbacktocommunity_99bd140215.pdf: , skipping...
Error loading https://www.cem-macau.com/uploads/pdf_annualreport_2017_9_CECM_125bdd30e4.pdf: Response payload is not completed: <ContentLengthError: 400, message='Not enough data to satisfy content length header.'>, skipping...
Downloaded https://www.cem-macau.com/uploads/6_a690f7c896.pdf to ./data/pdfs/6_a690f7c896.pdf and saved to ./data/pdfs/6_a690f7c896.pdf
Downloaded https://www.cem-macau.com/uploads/pdf_education_Tariff_C_zh_0da3b45407.pdf to ./data/pdfs/pdf_education_Tariff_C_zh_0da3b45407.pdf and saved to ./data/pdfs/pdf_education_Tariff_C_zh_0da3b45407.pdf
Error loading https://www.cem-macau.com/uploads/annualreport_2016_11corporategovernance_419de499f0.pdf: , skipping...
Error loading https://www.cem-macau.com/uploads/annual_report_2024_Building_a_Low_Carbon_Smart_City_c663d1ebb9.pdf: , skipping...
Error loading https://www.cem-macau.com/uploads/annual_report_2024_Message_from_the_Chairman_of_Executive_Committee_c62c8c2b3c.pdf: , skipping...
Downloaded https://www.cem-macau.com/uploads/annualreport_2016_2prefix_5bbabaaad8.pdf to ./data/pdfs/annualreport_2016_2prefix_5bbabaaad8.pdf and saved to ./data/pdfs/annualreport_2016_2prefix_5bbabaaad8.pdf
Error loading https://www.cem-macau.com/uploads/annualreport_2021_2contents_96b1e9990c.pdf: , skipping...
Downloaded https://www.cem-macau.com/uploads/pdf_education_typhoon_C_zh_3c3a9d5ee4.pdf to ./data/pdfs/pdf_education_typhoon_C_zh_3c3a9d5ee4.pdf and saved to ./data/pdfs/pdf_education_typhoon_C_zh_3c3a9d5ee4.pdf
Downloaded https://www.cem-macau.com/uploads/3_001dfabeeb.pdf to ./data/pdfs/3_001dfabeeb.pdf and saved to ./data/pdfs/3_001dfabeeb.pdf
Downloaded https://www.cem-macau.com/uploads/annualreport_2019_12corporategovernance_c5d2a50043.pdf to ./data/pdfs/annualreport_2019_12corporategovernance_c5d2a50043.pdf and saved to ./data/pdfs/annualreport_2019_12corporategovernance_c5d2a50043.pdf
Error loading https://www.cem-macau.com/uploads/Annual_Report_2022_Part11_560ae4caa3.pdf: , skipping...
Error loading https://www.cem-macau.com/uploads/annualreport_2019_3cemhighlights_d26cae1604.pdf: , skipping...
Error loading https://www.cem-macau.com/uploads/annualreport_2020_5messagefromec_afaee30c92.pdf: Response payload is not completed: <ContentLengthError: 400, message='Not enough data to satisfy content length header.'>, skipping...
Error loading https://www.cem-macau.com/uploads/Annual_Report_2022_Part9_507a69db47.pdf: , skipping...
Error loading https://www.cem-macau.com/uploads/pdf_annualreport_2017_18financialhighlights_63f0771cf7.pdf: , skipping...
Error loading https://www.cem-macau.com/uploads/CEM_Sustainability_Report_2023_CH_FINAL_compressed_bb14c43394.pdf: , skipping...
Error loading https://www.cem-macau.com/uploads/pdf_sustainability_report_2017_zh_ebb4d578ab.pdf: , skipping...
Error loading https://www.cem-macau.com/uploads/annualreport_2020_10servethecommunitypersistently_9b9e1d4a5b.pdf: Response payload is not completed: <ContentLengthError: 400, message='Not enough data to satisfy content length header.'>, skipping...
Downloaded https://www.cem-macau.com/uploads/_3406654e5a.pdf to ./data/pdfs/_3406654e5a.pdf and saved to ./data/pdfs/_3406654e5a.pdf
Error loading https://www.cem-macau.com/uploads/annualreport_2019_10dedicatedcommunityservices_d4ec7527f5.pdf: , skipping...
Error loading https://www.cem-macau.com/uploads/pdf_sustainability_report_2019_zh_112a4f18a1.pdf: , skipping...
Downloaded https://www.cem-macau.com/uploads/annual_report_2024_Cover_ba50367f43.pdf to ./data/pdfs/annual_report_2024_Cover_ba50367f43.pdf and saved to ./data/pdfs/annual_report_2024_Cover_ba50367f43.pdf
Error loading https://www.cem-macau.com/uploads/annualreport_2016_9connectingcommunity_e8f05be66f.pdf: , skipping...
Downloaded https://www.cem-macau.com/uploads/pdf_education_Supply_Elec2009_zh_29d77038c5.pdf to ./data/pdfs/pdf_education_Supply_Elec2009_zh_29d77038c5.pdf and saved to ./data/pdfs/pdf_education_Supply_Elec2009_zh_29d77038c5.pdf
Error loading https://www.cem-macau.com/uploads/pdf_annualreport_2017_15connectingmacau_aee68d62aa.pdf: , skipping...
Error loading https://www.cem-macau.com/uploads/CEM_Sustainability_Report_2022_FINAL_CN_59d4174f1f.pdf: , skipping...
Downloaded https://www.cem-macau.com/uploads/annualreport_2016_5_CBDM_71ef530545.pdf to ./data/pdfs/annualreport_2016_5_CBDM_71ef530545.pdf and saved to ./data/pdfs/annualreport_2016_5_CBDM_71ef530545.pdf
Error loading https://www.cem-macau.com/uploads/Annual_Report_2022_Part13_aee1e9bc1f.pdf: , skipping...
Error loading https://www.cem-macau.com/uploads/annualreport_2020_8buildasmartfuture_e6e2a3b118.pdf: , skipping...
Downloaded https://www.cem-macau.com/uploads/pdf_education_Building_zh_41150ff0d2.pdf to ./data/pdfs/pdf_education_Building_zh_41150ff0d2.pdf and saved to ./data/pdfs/pdf_education_Building_zh_41150ff0d2.pdf
Error loading https://www.cem-macau.com/uploads/pdf_annualreport_2017_17corporategovernance_a663086fa7.pdf: , skipping...
Error loading https://www.cem-macau.com/uploads/Annual_Report_2022_Part2_465bba5280.pdf: , skipping...
Error loading https://www.cem-macau.com/uploads/annualreport_2021_7outstandingcustomerexp_d4a4ad1538.pdf: , skipping...
Error loading https://www.cem-macau.com/uploads/annualreport_2019_7planningforsustainabledev_620ece7b81.pdf: , skipping...
Downloaded https://www.cem-macau.com/uploads/pdf_education_Talk_to_Us_zh_99fca2b03c.pdf to ./data/pdfs/pdf_education_Talk_to_Us_zh_99fca2b03c.pdf and saved to ./data/pdfs/pdf_education_Talk_to_Us_zh_99fca2b03c.pdf
Error loading https://www.cem-macau.com/uploads/NCEM_CN_c7a1fe71ea.pdf: , skipping...